#
# There is insufficient memory for the Java Runtime Environment to continue.
# Native memory allocation (malloc) failed to allocate 1048576 bytes for AllocateHeap
# Possible reasons:
#   The system is out of physical RAM or swap space
#   The process is running with CompressedOops enabled, and the Java Heap may be blocking the growth of the native heap
# Possible solutions:
#   Reduce memory load on the system
#   Increase physical memory or swap space
#   Check if swap backing store is full
#   Decrease Java heap size (-Xmx/-Xms)
#   Decrease number of Java threads
#   Decrease Java thread stack sizes (-Xss)
#   Set larger code cache with -XX:ReservedCodeCacheSize=
#   JVM is running with Zero Based Compressed Oops mode in which the Java heap is
#     placed in the first 32GB address space. The Java Heap base address is the
#     maximum limit for the native heap growth. Please use -XX:HeapBaseMinAddress
#     to set the Java Heap base and to place the Java Heap above 32GB virtual address.
# This output file may be truncated or incomplete.
#
#  Out of Memory Error (memory/allocation.inline.hpp:61), pid=13776, tid=0x00000000000039d8
#
# JRE version:  (8.0_391) (build )
# Java VM: Java HotSpot(TM) 64-Bit Server VM (25.391-b13 mixed mode windows-amd64 compressed oops)
# Failed to write core dump. Minidumps are not enabled by default on client versions of Windows
#

---------------  T H R E A D  ---------------

Current thread (0x000001b26944b800):  JavaThread "Unknown thread" [_thread_in_vm, id=14808, stack(0x000000addff00000,0x000000ade0000000)]

Stack: [0x000000addff00000,0x000000ade0000000]
Native frames: (J=compiled Java code, j=interpreted, Vv=VM code, C=native code)
V  [jvm.dll+0x353049]
V  [jvm.dll+0x290062]
V  [jvm.dll+0x290c2d]
V  [jvm.dll+0x285265]
V  [jvm.dll+0x502d]
V  [jvm.dll+0x3f0202]
V  [jvm.dll+0x3f0f77]
V  [jvm.dll+0x3ecd67]
V  [jvm.dll+0x1058ff]
V  [jvm.dll+0x21b26b]
V  [jvm.dll+0x24c0aa]
V  [jvm.dll+0x16d436]
C  [javaw.exe+0x2422]
C  [javaw.exe+0x16be0]
C  [KERNEL32.DLL+0x17374]
C  [ntdll.dll+0x4cc91]


---------------  P R O C E S S  ---------------

Java Threads: ( => current thread )

Other Threads:

=>0x000001b26944b800 (exited) JavaThread "Unknown thread" [_thread_in_vm, id=14808, stack(0x000000addff00000,0x000000ade0000000)]

VM state:not at safepoint (normal execution)

VM Mutex/Monitor currently owned by a thread: None

heap address: 0x00000006c1000000, size: 4080 MB, Compressed Oops mode: Zero based, Oop shift amount: 3
Narrow klass base: 0x0000000000000000, Narrow klass shift: 3
Compressed class space size: 1073741824 Address: 0x00000007c0000000

Heap:
 PSYoungGen      total 76288K, used 1310K [0x000000076b000000, 0x0000000770500000, 0x00000007c0000000)
  eden space 65536K, 2% used [0x000000076b000000,0x000000076b147af0,0x000000076f000000)
  from space 10752K, 0% used [0x000000076fa80000,0x000000076fa80000,0x0000000770500000)
  to   space 10752K, 0% used [0x000000076f000000,0x000000076f000000,0x000000076fa80000)
 ParOldGen       total 175104K, used 0K [0x00000006c1000000, 0x00000006cbb00000, 0x000000076b000000)
  object space 175104K, 0% used [0x00000006c1000000,0x00000006c1000000,0x00000006cbb00000)
 Metaspace       used 775K, capacity 4480K, committed 4480K, reserved 1056768K
  class space    used 76K, capacity 384K, committed 384K, reserved 1048576K

Card table byte_map: [0x000001b27a070000,0x000001b27a870000] byte_map_base: 0x000001b276a68000

Marking Bits: (ParMarkBitMap*) 0x00007ffc9e8e6040
 Begin Bits: [0x000001b200000000, 0x000001b203fc0000)
 End Bits:   [0x000001b203fc0000, 0x000001b207f80000)

Polling page: 0x000001b2693c0000

CodeCache: size=245760Kb used=328Kb max_used=328Kb free=245431Kb
 bounds [0x000001b26acb0000, 0x000001b26af20000, 0x000001b279cb0000]
 total_blobs=57 nmethods=0 adapters=38
 compilation: enabled

Compilation events (0 events):
No events

GC Heap History (0 events):
No events

Deoptimization events (0 events):
No events

Classes redefined (0 events):
No events

Internal exceptions (0 events):
No events

Events (10 events):
Event: 0.099 loading class java/lang/Short
Event: 0.099 loading class java/lang/Short done
Event: 0.099 loading class java/lang/Integer
Event: 0.099 loading class java/lang/Integer done
Event: 0.099 loading class java/lang/Long
Event: 0.099 loading class java/lang/Long done
Event: 0.100 loading class java/lang/NullPointerException
Event: 0.101 loading class java/lang/NullPointerException done
Event: 0.101 loading class java/lang/ArithmeticException
Event: 0.101 loading class java/lang/ArithmeticException done


Dynamic libraries:
0x00007ff681cd0000 - 0x00007ff681d1a000 	C:\Program Files\Java\jdk-1.8\bin\javaw.exe
0x00007ffd326b0000 - 0x00007ffd328a8000 	C:\WINDOWS\SYSTEM32\ntdll.dll
0x00007ffd03c20000 - 0x00007ffd03c3a000 	C:\Program Files\AVG\Antivirus\aswhook.dll
0x00007ffd30ac0000 - 0x00007ffd30b81000 	C:\WINDOWS\System32\KERNEL32.DLL
0x00007ffd301c0000 - 0x00007ffd304bd000 	C:\WINDOWS\System32\KERNELBASE.dll
0x00007ffd32070000 - 0x00007ffd32120000 	C:\WINDOWS\System32\ADVAPI32.dll
0x00007ffd309f0000 - 0x00007ffd30a8e000 	C:\WINDOWS\System32\msvcrt.dll
0x00007ffd32120000 - 0x00007ffd321c0000 	C:\WINDOWS\System32\sechost.dll
0x00007ffd30740000 - 0x00007ffd30863000 	C:\WINDOWS\System32\RPCRT4.dll
0x00007ffd2feb0000 - 0x00007ffd2fed7000 	C:\WINDOWS\System32\bcrypt.dll
0x00007ffd31ed0000 - 0x00007ffd3206d000 	C:\WINDOWS\System32\USER32.dll
0x00007ffd2fd60000 - 0x00007ffd2fd82000 	C:\WINDOWS\System32\win32u.dll
0x00007ffd30d20000 - 0x00007ffd30d4b000 	C:\WINDOWS\System32\GDI32.dll
0x00007ffd2fd90000 - 0x00007ffd2fea7000 	C:\WINDOWS\System32\gdi32full.dll
0x00007ffd30120000 - 0x00007ffd301bd000 	C:\WINDOWS\System32\msvcp_win.dll
0x00007ffd30020000 - 0x00007ffd30120000 	C:\WINDOWS\System32\ucrtbase.dll
0x00007ffd040a0000 - 0x00007ffd0433a000 	C:\WINDOWS\WinSxS\amd64_microsoft.windows.common-controls_6595b64144ccf1df_6.0.19041.4355_none_60b8b9eb71f62e16\COMCTL32.dll
0x00007ffd30a90000 - 0x00007ffd30abf000 	C:\WINDOWS\System32\IMM32.DLL
0x00007ffd2acf0000 - 0x00007ffd2ad0b000 	C:\Program Files\Java\jdk-1.8\jre\bin\vcruntime140.dll
0x00007ffd2a140000 - 0x00007ffd2a14c000 	C:\Program Files\Java\jdk-1.8\jre\bin\vcruntime140_1.dll
0x00007ffcee6e0000 - 0x00007ffcee76e000 	C:\Program Files\Java\jdk-1.8\jre\bin\msvcp140.dll
0x00007ffc9e0b0000 - 0x00007ffc9e960000 	C:\Program Files\Java\jdk-1.8\jre\bin\server\jvm.dll
0x00007ffd30ea0000 - 0x00007ffd30ea8000 	C:\WINDOWS\System32\PSAPI.DLL
0x00007ffd230d0000 - 0x00007ffd230d9000 	C:\WINDOWS\SYSTEM32\WSOCK32.dll
0x00007ffd322e0000 - 0x00007ffd3234b000 	C:\WINDOWS\System32\WS2_32.dll
0x00007ffd11e40000 - 0x00007ffd11e67000 	C:\WINDOWS\SYSTEM32\WINMM.dll
0x00007ffd27390000 - 0x00007ffd2739a000 	C:\WINDOWS\SYSTEM32\VERSION.dll
0x00007ffd2dc00000 - 0x00007ffd2dc12000 	C:\WINDOWS\SYSTEM32\kernel.appcore.dll
0x00007ffd2a130000 - 0x00007ffd2a140000 	C:\Program Files\Java\jdk-1.8\jre\bin\verify.dll
0x00007ffd07fe0000 - 0x00007ffd0800b000 	C:\Program Files\Java\jdk-1.8\jre\bin\java.dll
0x00007ffd106e0000 - 0x00007ffd106f8000 	C:\Program Files\Java\jdk-1.8\jre\bin\zip.dll
0x00007ffd267e0000 - 0x00007ffd269c4000 	C:\WINDOWS\SYSTEM32\dbghelp.dll
0x00007ffd2fee0000 - 0x00007ffd2ff62000 	C:\WINDOWS\System32\bcryptPrimitives.dll

VM Arguments:
jvm_args: -ea -Dfile.encoding=UTF-8 -Dstdout.encoding=UTF-8 -Dstderr.encoding=UTF-8 
java_command: org.eclipse.jdt.internal.junit.runner.RemoteTestRunner -version 3 -port 59523 -testLoaderClass org.eclipse.jdt.internal.junit5.runner.JUnit5TestLoader -loaderpluginname org.eclipse.jdt.junit5.runtime -classNames TestCUITComprobacion
java_class_path (initial): C:\Users\EMITurbo64\eclipse-workspace\BuscarCUIT\bin;C:\Users\EMITurbo64\.p2\pool\plugins\junit-jupiter-api_5.10.2.jar;C:\Users\EMITurbo64\.p2\pool\plugins\junit-jupiter-engine_5.10.2.jar;C:\Users\EMITurbo64\.p2\pool\plugins\junit-jupiter-migrationsupport_5.10.2.jar;C:\Users\EMITurbo64\.p2\pool\plugins\junit-jupiter-params_5.10.2.jar;C:\Users\EMITurbo64\.p2\pool\plugins\junit-platform-commons_1.10.2.jar;C:\Users\EMITurbo64\.p2\pool\plugins\junit-platform-engine_1.10.2.jar;C:\Users\EMITurbo64\.p2\pool\plugins\junit-platform-launcher_1.10.2.jar;C:\Users\EMITurbo64\.p2\pool\plugins\junit-platform-runner_1.10.2.jar;C:\Users\EMITurbo64\.p2\pool\plugins\junit-platform-suite-api_1.10.2.jar;C:\Users\EMITurbo64\.p2\pool\plugins\junit-platform-suite-engine_1.10.2.jar;C:\Users\EMITurbo64\.p2\pool\plugins\junit-platform-suite-commons_1.10.2.jar;C:\Users\EMITurbo64\.p2\pool\plugins\junit-vintage-engine_5.10.2.jar;C:\Users\EMITurbo64\.p2\pool\plugins\org.opentest4j_1.3.0.jar;C:\Users\EMITurbo64\.p2\pool\plugins\org.apiguardian.api_1.1.2.jar;C:\Users\EMITurbo64\.p2\pool\plugins\org.junit_4.13.2.v20230809-1000.jar;C:\Users\EMITurbo64\.p2\pool\plugins\org.hamcrest_2.2.0.jar;C:\Users\EMITurbo64\.p2\pool\plugins\org.hamcrest.core_2.2.0.v20230809-1000.jar;C:\Users\EMITurbo64\eclipse\java-2024-06\eclipse\configuration\org.eclipse.osgi\250\0\.cp;C:\Users\EMITurbo64\eclipse\java-2024-06\eclipse\configuration\org.eclipse.osgi\248\0\.cp
Launcher Type: SUN_STANDARD

Environment Variables:
JAVA_HOME=C:\Program Files\Java\jdk-1.8
PATH=C:/Users/EMITurbo64/.p2/pool/plugins/org.eclipse.justj.openjdk.hotspot.jre.full.win32.x86_64_22.0.2.v20240802-1626/jre/bin/server;C:/Users/EMITurbo64/.p2/pool/plugins/org.eclipse.justj.openjdk.hotspot.jre.full.win32.x86_64_22.0.2.v20240802-1626/jre/bin;C:\Program Files (x86)\Common Files\Oracle\Java\javapath;C:\Windows\system32;C:\Windows;C:\Windows\System32\Wbem;C:\Windows\System32\WindowsPowerShell\v1.0\;C:\Program Files (x86)\NVIDIA Corporation\PhysX\Common;C:\WINDOWS\system32;C:\WINDOWS;C:\WINDOWS\System32\Wbem;C:\WINDOWS\System32\WindowsPowerShell\v1.0\;C:\WINDOWS\System32\OpenSSH\;C:\Program Files\Microsoft SQL Server\130\Tools\Binn\;C:\Program Files\nodejs\;C:\Program Files (x86)\Yarn\bin\;C:\Program Files\NVIDIA Corporation\NVIDIA NvDLISR;C:\WINDOWS\system32;C:\WINDOWS;C:\WINDOWS\System32\Wbem;C:\WINDOWS\System32\WindowsPowerShell\v1.0\;C:\WINDOWS\System32\OpenSSH\;C:\Program Files\Microsoft SQL Server\150\Tools\Binn\;c:\sqlite;C:\maven\bin;C:\Program Files\Java\jdk-1.8\bin;C:\Program Files (x86)\Microsoft SQL Server\160\Tools\Binn\;C:\Program Files\Microsoft SQL Server\160\Tools\Binn\;C:\Program Files\Microsoft SQL Server\Client SDK\ODBC\170\Tools\Binn\;C:\Program Files\Microsoft SQL Server\160\DTS\Binn\;C:\Program Files (x86)\Microsoft SQL Server\160\DTS\Binn\;C:\Program Files\Git\cmd;C:\Users\EMITurbo64\AppData\Local\Microsoft\WindowsApps;C:\Users\EMITurbo64\AppData\Roaming\npm;C:\Users\EMITurbo64\AppData\Local\Programs\Microsoft VS Code\bin;C:\Users\EMITurbo64\AppData\Local\Yarn\bin;C:\Users\EMITurbo64\AppData\Local\GitHubDesktop\bin;C:\Program Files\Azure Data Studio\bin;C:\src\sqlite-tools-win32-x86-3390200;;C:\WINDOWS\system32;
USERNAME=EMITurbo64
OS=Windows_NT
PROCESSOR_IDENTIFIER=AMD64 Family 23 Model 1 Stepping 1, AuthenticAMD



---------------  S Y S T E M  ---------------

OS: Windows 10 , 64 bit Build 19041 (10.0.19041.4717)

CPU:total 8 (initial active 8) (8 cores per cpu, 1 threads per core) family 23 model 1 stepping 1, cmov, cx8, fxsr, mmx, sse, sse2, sse3, ssse3, sse4.1, sse4.2, popcnt, avx, avx2, aes, clmul, mmxext, 3dnowpref, lzcnt, sse4a, tsc, tscinvbit, tscinv, bmi1

Memory: 4k page, physical 16706324k(2852060k free), swap 20802324k(95472k free)

vm_info: Java HotSpot(TM) 64-Bit Server VM (25.391-b13) for windows-amd64 JRE (1.8.0_391-b13), built on Oct  4 2023 07:54:08 by "java_re" with MS VC++ 17.1 (VS2022)

time: Tue Sep  3 00:31:44 2024
timezone: Hora estándar de Argentina
elapsed time: 0.136167 seconds (0d 0h 0m 0s)

